<?xml version="1.0" encoding="UTF-8"?>
<!-- Generated by org.testng.reporters.JUnitXMLReporter -->
<testsuite hostname="SRIKANTH-PC" name="Test" tests="6" failures="2" timestamp="30 Nov 2016 22:43:58 GMT" time="49.03" errors="0">
  <testcase name="testAdminLogin" time="3.058" classname="tests.AdminLoginTest"/>
  <testcase name="testAdminViewfeedback" time="7.907" classname="tests.AdminViewfeedback"/>
  <testcase name="testDelivererAftrpick" time="2.661" classname="tests.DelivererAftrpick"/>
  <testcase name="testDelivererPickOrder" time="6.263" classname="tests.DelivererPickOrder">
    <failure type="java.lang.NullPointerException">
      <![CDATA[java.lang.NullPointerException
	at tests.DelivererPickOrder.testDelivererPickOrder(DelivererPickOrder.java:44)
... Removed 25 stack frames]]>
    </failure>
  </testcase> <!-- testDelivererPickOrder -->
  <testcase name="testCustomerReg" time="2.671" classname="tests.TestCustomerReg"/>
  <testcase name="testDelivererReg" time="7.116" classname="tests.TestDelivererReg">
    <failure type="java.lang.NullPointerException">
      <![CDATA[java.lang.NullPointerException
	at tests.TestDelivererReg.testDelivererReg(TestDelivererReg.java:48)
... Removed 25 stack frames]]>
    </failure>
  </testcase> <!-- testDelivererReg -->
</testsuite> <!-- Test -->
