<?xml version="1.0" encoding="UTF-8"?>
<testng-results skipped="0" failed="2" total="6" passed="4">
  <reporter-output>
  </reporter-output>
  <suite name="Suite" duration-ms="49030" started-at="2016-11-30T22:43:09Z" finished-at="2016-11-30T22:43:58Z">
    <groups>
    </groups>
    <test name="Test" duration-ms="49030" started-at="2016-11-30T22:43:09Z" finished-at="2016-11-30T22:43:58Z">
      <class name="tests.AdminLoginTest">
        <test-method status="PASS" signature="setUp()[pri:0, instance:tests.AdminLoginTest@2ef5e5e3]" name="setUp" is-config="true" duration-ms="3240" started-at="2016-11-30T16:43:09Z" finished-at="2016-11-30T16:43:13Z">
          <reporter-output>
          </reporter-output>
        </test-method> <!-- setUp -->
        <test-method status="PASS" signature="testAdminLogin()[pri:0, instance:tests.AdminLoginTest@2ef5e5e3]" name="testAdminLogin" duration-ms="3058" started-at="2016-11-30T16:43:13Z" finished-at="2016-11-30T16:43:16Z">
          <reporter-output>
          </reporter-output>
        </test-method> <!-- testAdminLogin -->
        <test-method status="PASS" signature="tearDown()[pri:0, instance:tests.AdminLoginTest@2ef5e5e3]" name="tearDown" is-config="true" duration-ms="1299" started-at="2016-11-30T16:43:16Z" finished-at="2016-11-30T16:43:17Z">
          <reporter-output>
          </reporter-output>
        </test-method> <!-- tearDown -->
      </class> <!-- tests.AdminLoginTest -->
      <class name="tests.DelivererPickOrder">
        <test-method status="PASS" signature="setUp()[pri:0, instance:tests.DelivererPickOrder@51efea79]" name="setUp" is-config="true" duration-ms="1903" started-at="2016-11-30T16:43:34Z" finished-at="2016-11-30T16:43:36Z">
          <reporter-output>
          </reporter-output>
        </test-method> <!-- setUp -->
        <test-method status="FAIL" signature="testDelivererPickOrder()[pri:0, instance:tests.DelivererPickOrder@51efea79]" name="testDelivererPickOrder" duration-ms="6263" started-at="2016-11-30T16:43:36Z" finished-at="2016-11-30T16:43:42Z">
          <exception class="java.lang.NullPointerException">
            <full-stacktrace>
              <![CDATA[java.lang.NullPointerException
	at tests.DelivererPickOrder.testDelivererPickOrder(DelivererPickOrder.java:44)
	at sun.reflect.NativeMethodAccessorImpl.invoke0(Native Method)
	at sun.reflect.NativeMethodAccessorImpl.invoke(NativeMethodAccessorImpl.java:62)
	at sun.reflect.DelegatingMethodAccessorImpl.invoke(DelegatingMethodAccessorImpl.java:43)
	at java.lang.reflect.Method.invoke(Method.java:498)
	at org.testng.internal.MethodInvocationHelper.invokeMethod(MethodInvocationHelper.java:100)
	at org.testng.internal.Invoker.invokeMethod(Invoker.java:646)
	at org.testng.internal.Invoker.invokeTestMethod(Invoker.java:811)
	at org.testng.internal.Invoker.invokeTestMethods(Invoker.java:1137)
	at org.testng.internal.TestMethodWorker.invokeTestMethods(TestMethodWorker.java:129)
	at org.testng.internal.TestMethodWorker.run(TestMethodWorker.java:112)
	at org.testng.TestRunner.privateRun(TestRunner.java:753)
	at org.testng.TestRunner.run(TestRunner.java:607)
	at org.testng.SuiteRunner.runTest(SuiteRunner.java:368)
	at org.testng.SuiteRunner.runSequentially(SuiteRunner.java:363)
	at org.testng.SuiteRunner.privateRun(SuiteRunner.java:321)
	at org.testng.SuiteRunner.run(SuiteRunner.java:270)
	at org.testng.SuiteRunnerWorker.runSuite(SuiteRunnerWorker.java:52)
	at org.testng.SuiteRunnerWorker.run(SuiteRunnerWorker.java:86)
	at org.testng.TestNG.runSuitesSequentially(TestNG.java:1284)
	at org.testng.TestNG.runSuitesLocally(TestNG.java:1209)
	at org.testng.TestNG.runSuites(TestNG.java:1124)
	at org.testng.TestNG.run(TestNG.java:1096)
	at org.testng.remote.AbstractRemoteTestNG.run(AbstractRemoteTestNG.java:132)
	at org.testng.remote.RemoteTestNG.initAndRun(RemoteTestNG.java:236)
	at org.testng.remote.RemoteTestNG.main(RemoteTestNG.java:81)
]]>
            </full-stacktrace>
          </exception> <!-- java.lang.NullPointerException -->
          <reporter-output>
          </reporter-output>
        </test-method> <!-- testDelivererPickOrder -->
        <test-method status="PASS" signature="tearDown()[pri:0, instance:tests.DelivererPickOrder@51efea79]" name="tearDown" is-config="true" duration-ms="1134" started-at="2016-11-30T16:43:42Z" finished-at="2016-11-30T16:43:43Z">
          <reporter-output>
          </reporter-output>
        </test-method> <!-- tearDown -->
      </class> <!-- tests.DelivererPickOrder -->
      <class name="tests.TestCustomerReg">
        <test-method status="PASS" signature="setUp()[pri:0, instance:tests.TestCustomerReg@5034c75a]" name="setUp" is-config="true" duration-ms="1944" started-at="2016-11-30T16:43:43Z" finished-at="2016-11-30T16:43:45Z">
          <reporter-output>
          </reporter-output>
        </test-method> <!-- setUp -->
        <test-method status="PASS" signature="testCustomerReg()[pri:0, instance:tests.TestCustomerReg@5034c75a]" name="testCustomerReg" duration-ms="2671" started-at="2016-11-30T16:43:45Z" finished-at="2016-11-30T16:43:48Z">
          <reporter-output>
          </reporter-output>
        </test-method> <!-- testCustomerReg -->
        <test-method status="PASS" signature="tearDown()[pri:0, instance:tests.TestCustomerReg@5034c75a]" name="tearDown" is-config="true" duration-ms="953" started-at="2016-11-30T16:43:48Z" finished-at="2016-11-30T16:43:49Z">
          <reporter-output>
          </reporter-output>
        </test-method> <!-- tearDown -->
      </class> <!-- tests.TestCustomerReg -->
      <class name="tests.AdminViewfeedback">
        <test-method status="PASS" signature="setUp()[pri:0, instance:tests.AdminViewfeedback@36d4b5c]" name="setUp" is-config="true" duration-ms="2017" started-at="2016-11-30T16:43:17Z" finished-at="2016-11-30T16:43:19Z">
          <reporter-output>
          </reporter-output>
        </test-method> <!-- setUp -->
        <test-method status="PASS" signature="testAdminViewfeedback()[pri:0, instance:tests.AdminViewfeedback@36d4b5c]" name="testAdminViewfeedback" duration-ms="7907" started-at="2016-11-30T16:43:19Z" finished-at="2016-11-30T16:43:27Z">
          <reporter-output>
          </reporter-output>
        </test-method> <!-- testAdminViewfeedback -->
        <test-method status="PASS" signature="tearDown()[pri:0, instance:tests.AdminViewfeedback@36d4b5c]" name="tearDown" is-config="true" duration-ms="1063" started-at="2016-11-30T16:43:27Z" finished-at="2016-11-30T16:43:28Z">
          <reporter-output>
          </reporter-output>
        </test-method> <!-- tearDown -->
      </class> <!-- tests.AdminViewfeedback -->
      <class name="tests.TestDelivererReg">
        <test-method status="PASS" signature="setUp()[pri:0, instance:tests.TestDelivererReg@396a51ab]" name="setUp" is-config="true" duration-ms="1975" started-at="2016-11-30T16:43:49Z" finished-at="2016-11-30T16:43:51Z">
          <reporter-output>
          </reporter-output>
        </test-method> <!-- setUp -->
        <test-method status="FAIL" signature="testDelivererReg()[pri:0, instance:tests.TestDelivererReg@396a51ab]" name="testDelivererReg" duration-ms="7116" started-at="2016-11-30T16:43:51Z" finished-at="2016-11-30T16:43:58Z">
          <exception class="java.lang.NullPointerException">
            <full-stacktrace>
              <![CDATA[java.lang.NullPointerException
	at tests.TestDelivererReg.testDelivererReg(TestDelivererReg.java:48)
	at sun.reflect.NativeMethodAccessorImpl.invoke0(Native Method)
	at sun.reflect.NativeMethodAccessorImpl.invoke(NativeMethodAccessorImpl.java:62)
	at sun.reflect.DelegatingMethodAccessorImpl.invoke(DelegatingMethodAccessorImpl.java:43)
	at java.lang.reflect.Method.invoke(Method.java:498)
	at org.testng.internal.MethodInvocationHelper.invokeMethod(MethodInvocationHelper.java:100)
	at org.testng.internal.Invoker.invokeMethod(Invoker.java:646)
	at org.testng.internal.Invoker.invokeTestMethod(Invoker.java:811)
	at org.testng.internal.Invoker.invokeTestMethods(Invoker.java:1137)
	at org.testng.internal.TestMethodWorker.invokeTestMethods(TestMethodWorker.java:129)
	at org.testng.internal.TestMethodWorker.run(TestMethodWorker.java:112)
	at org.testng.TestRunner.privateRun(TestRunner.java:753)
	at org.testng.TestRunner.run(TestRunner.java:607)
	at org.testng.SuiteRunner.runTest(SuiteRunner.java:368)
	at org.testng.SuiteRunner.runSequentially(SuiteRunner.java:363)
	at org.testng.SuiteRunner.privateRun(SuiteRunner.java:321)
	at org.testng.SuiteRunner.run(SuiteRunner.java:270)
	at org.testng.SuiteRunnerWorker.runSuite(SuiteRunnerWorker.java:52)
	at org.testng.SuiteRunnerWorker.run(SuiteRunnerWorker.java:86)
	at org.testng.TestNG.runSuitesSequentially(TestNG.java:1284)
	at org.testng.TestNG.runSuitesLocally(TestNG.java:1209)
	at org.testng.TestNG.runSuites(TestNG.java:1124)
	at org.testng.TestNG.run(TestNG.java:1096)
	at org.testng.remote.AbstractRemoteTestNG.run(AbstractRemoteTestNG.java:132)
	at org.testng.remote.RemoteTestNG.initAndRun(RemoteTestNG.java:236)
	at org.testng.remote.RemoteTestNG.main(RemoteTestNG.java:81)
]]>
            </full-stacktrace>
          </exception> <!-- java.lang.NullPointerException -->
          <reporter-output>
          </reporter-output>
        </test-method> <!-- testDelivererReg -->
        <test-method status="PASS" signature="tearDown()[pri:0, instance:tests.TestDelivererReg@396a51ab]" name="tearDown" is-config="true" duration-ms="848" started-at="2016-11-30T16:43:58Z" finished-at="2016-11-30T16:43:58Z">
          <reporter-output>
          </reporter-output>
        </test-method> <!-- tearDown -->
      </class> <!-- tests.TestDelivererReg -->
      <class name="tests.DelivererAftrpick">
        <test-method status="PASS" signature="setUp()[pri:0, instance:tests.DelivererAftrpick@6d00a15d]" name="setUp" is-config="true" duration-ms="1958" started-at="2016-11-30T16:43:28Z" finished-at="2016-11-30T16:43:30Z">
          <reporter-output>
          </reporter-output>
        </test-method> <!-- setUp -->
        <test-method status="PASS" signature="testDelivererAftrpick()[pri:0, instance:tests.DelivererAftrpick@6d00a15d]" name="testDelivererAftrpick" duration-ms="2661" started-at="2016-11-30T16:43:30Z" finished-at="2016-11-30T16:43:33Z">
          <reporter-output>
          </reporter-output>
        </test-method> <!-- testDelivererAftrpick -->
        <test-method status="PASS" signature="tearDown()[pri:0, instance:tests.DelivererAftrpick@6d00a15d]" name="tearDown" is-config="true" duration-ms="993" started-at="2016-11-30T16:43:33Z" finished-at="2016-11-30T16:43:34Z">
          <reporter-output>
          </reporter-output>
        </test-method> <!-- tearDown -->
      </class> <!-- tests.DelivererAftrpick -->
    </test> <!-- Test -->
  </suite> <!-- Suite -->
</testng-results>
